2017-08-31 9:34:41 - PHP Notice:  Undefined index: sorts in D:\xampp\htdocs\oc-test\storage\vendor\twig\twig\lib\Twig\Environment.php(403) : eval()'d code on line 57
2017-08-31 9:34:41 - PHP Notice:  Undefined index: limits in D:\xampp\htdocs\oc-test\storage\vendor\twig\twig\lib\Twig\Environment.php(403) : eval()'d code on line 124
2017-08-31 9:39:44 - PHP Notice:  Undefined index: sorts in D:\xampp\htdocs\oc-test\storage\vendor\twig\twig\lib\Twig\Environment.php(403) : eval()'d code on line 57
2017-08-31 9:39:44 - PHP Notice:  Undefined index: limits in D:\xampp\htdocs\oc-test\storage\vendor\twig\twig\lib\Twig\Environment.php(403) : eval()'d code on line 124
2017-08-31 10:33:03 - PHP Notice:  Undefined index: sorts in D:\xampp\htdocs\oc-test\storage\vendor\twig\twig\lib\Twig\Environment.php(403) : eval()'d code on line 57
2017-08-31 10:33:03 - PHP Notice:  Undefined index: limits in D:\xampp\htdocs\oc-test\storage\vendor\twig\twig\lib\Twig\Environment.php(403) : eval()'d code on line 124
2017-08-31 11:03:26 - PHP Notice:  Undefined index: shop in D:\xampp\htdocs\oc-test\catalog\controller\commonipl\publishipl.php on line 180
2017-08-31 11:05:03 - PHP Notice:  Undefined index: srcImages in D:\xampp\htdocs\oc-test\catalog\controller\commonipl\publishipl.php on line 80
2017-08-31 12:10:58 - PHP Notice:  Undefined index: sorts in D:\xampp\htdocs\oc-test\storage\vendor\twig\twig\lib\Twig\Environment.php(403) : eval()'d code on line 57
2017-08-31 12:10:58 - PHP Notice:  Undefined index: limits in D:\xampp\htdocs\oc-test\storage\vendor\twig\twig\lib\Twig\Environment.php(403) : eval()'d code on line 124
2017-08-31 12:11:54 - PHP Notice:  Undefined offset: 2 in D:\xampp\htdocs\oc-test\catalog\controller\commonipl\review.php on line 101
2017-08-31 12:11:54 - PHP Notice:  Undefined offset: 2 in D:\xampp\htdocs\oc-test\catalog\controller\commonipl\review.php on line 101
2017-08-31 12:12:30 - PHP Notice:  Undefined offset: 2 in D:\xampp\htdocs\oc-test\catalog\controller\commonipl\review.php on line 101
2017-08-31 12:12:30 - PHP Notice:  Undefined offset: 2 in D:\xampp\htdocs\oc-test\catalog\controller\commonipl\review.php on line 101
2017-08-31 12:13:15 - PHP Notice:  Undefined offset: 2 in D:\xampp\htdocs\oc-test\catalog\controller\commonipl\review.php on line 101
2017-08-31 12:13:15 - PHP Notice:  Undefined offset: 2 in D:\xampp\htdocs\oc-test\catalog\controller\commonipl\review.php on line 101
2017-08-31 12:14:02 - PHP Notice:  Undefined offset: 2 in D:\xampp\htdocs\oc-test\catalog\controller\commonipl\review.php on line 97
2017-08-31 13:45:16 - PHP Notice:  Undefined index: sorts in D:\xampp\htdocs\oc-test\storage\vendor\twig\twig\lib\Twig\Environment.php(403) : eval()'d code on line 57
2017-08-31 13:45:16 - PHP Notice:  Undefined index: limits in D:\xampp\htdocs\oc-test\storage\vendor\twig\twig\lib\Twig\Environment.php(403) : eval()'d code on line 124
2017-08-31 14:03:15 - PHP Notice:  Undefined index: sorts in D:\xampp\htdocs\oc-test\storage\vendor\twig\twig\lib\Twig\Environment.php(403) : eval()'d code on line 57
2017-08-31 14:03:15 - PHP Notice:  Undefined index: limits in D:\xampp\htdocs\oc-test\storage\vendor\twig\twig\lib\Twig\Environment.php(403) : eval()'d code on line 124
2017-08-31 14:07:23 - PHP Notice:  Undefined index: sorts in D:\xampp\htdocs\oc-test\storage\vendor\twig\twig\lib\Twig\Environment.php(403) : eval()'d code on line 57
2017-08-31 14:07:23 - PHP Notice:  Undefined index: limits in D:\xampp\htdocs\oc-test\storage\vendor\twig\twig\lib\Twig\Environment.php(403) : eval()'d code on line 124
2017-09-01 2:44:39 - PHP Warning:  json_decode() expects parameter 1 to be string, array given in D:\xampp\htdocs\oc-test\catalog\controller\commonipl\publishlist.php on line 16
2017-09-01 2:44:39 - PHP Warning:  json_decode() expects parameter 1 to be string, array given in D:\xampp\htdocs\oc-test\catalog\controller\commonipl\publishlist.php on line 16
2017-09-01 2:44:39 - PHP Warning:  json_decode() expects parameter 1 to be string, array given in D:\xampp\htdocs\oc-test\catalog\controller\commonipl\publishlist.php on line 16
2017-09-01 2:44:39 - PHP Warning:  json_decode() expects parameter 1 to be string, array given in D:\xampp\htdocs\oc-test\catalog\controller\commonipl\publishlist.php on line 16
2017-09-01 2:44:39 - PHP Warning:  json_decode() expects parameter 1 to be string, array given in D:\xampp\htdocs\oc-test\catalog\controller\commonipl\publishlist.php on line 16
2017-09-01 2:44:39 - PHP Warning:  json_decode() expects parameter 1 to be string, array given in D:\xampp\htdocs\oc-test\catalog\controller\commonipl\publishlist.php on line 16
2017-09-01 2:44:39 - PHP Warning:  json_decode() expects parameter 1 to be string, array given in D:\xampp\htdocs\oc-test\catalog\controller\commonipl\publishlist.php on line 16
2017-09-01 2:44:39 - PHP Warning:  json_decode() expects parameter 1 to be string, array given in D:\xampp\htdocs\oc-test\catalog\controller\commonipl\publishlist.php on line 16
2017-09-01 2:44:39 - PHP Warning:  json_decode() expects parameter 1 to be string, array given in D:\xampp\htdocs\oc-test\catalog\controller\commonipl\publishlist.php on line 16
2017-09-01 2:44:39 - PHP Warning:  json_decode() expects parameter 1 to be string, array given in D:\xampp\htdocs\oc-test\catalog\controller\commonipl\publishlist.php on line 16
2017-09-01 2:44:39 - PHP Warning:  json_decode() expects parameter 1 to be string, array given in D:\xampp\htdocs\oc-test\catalog\controller\commonipl\publishlist.php on line 16
2017-09-01 2:44:39 - PHP Warning:  json_decode() expects parameter 1 to be string, array given in D:\xampp\htdocs\oc-test\catalog\controller\commonipl\publishlist.php on line 16
2017-09-01 2:45:53 - PHP Notice:  Undefined index: name in D:\xampp\htdocs\oc-test\catalog\controller\commonipl\publishlist.php on line 18
2017-09-01 2:45:53 - PHP Notice:  Undefined index: name in D:\xampp\htdocs\oc-test\catalog\controller\commonipl\publishlist.php on line 18
2017-09-01 2:45:53 - PHP Notice:  Undefined index: name in D:\xampp\htdocs\oc-test\catalog\controller\commonipl\publishlist.php on line 18
2017-09-01 2:45:53 - PHP Notice:  Undefined index: name in D:\xampp\htdocs\oc-test\catalog\controller\commonipl\publishlist.php on line 18
2017-09-01 2:46:58 - PHP Notice:  Undefined index: name in D:\xampp\htdocs\oc-test\catalog\controller\commonipl\publishlist.php on line 17
2017-09-01 2:46:58 - PHP Notice:  Undefined index: name in D:\xampp\htdocs\oc-test\catalog\controller\commonipl\publishlist.php on line 17
2017-09-01 2:46:58 - PHP Notice:  Undefined index: name in D:\xampp\htdocs\oc-test\catalog\controller\commonipl\publishlist.php on line 17
2017-09-01 2:46:58 - PHP Notice:  Undefined index: name in D:\xampp\htdocs\oc-test\catalog\controller\commonipl\publishlist.php on line 17
2017-09-01 2:47:08 - PHP Notice:  Undefined offset: 0 in D:\xampp\htdocs\oc-test\catalog\controller\commonipl\publishlist.php on line 17
2017-09-01 2:47:08 - PHP Notice:  Undefined offset: 0 in D:\xampp\htdocs\oc-test\catalog\controller\commonipl\publishlist.php on line 17
2017-09-01 2:47:08 - PHP Notice:  Undefined offset: 0 in D:\xampp\htdocs\oc-test\catalog\controller\commonipl\publishlist.php on line 17
2017-09-01 2:47:08 - PHP Notice:  Undefined offset: 0 in D:\xampp\htdocs\oc-test\catalog\controller\commonipl\publishlist.php on line 17
2017-09-01 2:47:08 - PHP Notice:  Undefined offset: 0 in D:\xampp\htdocs\oc-test\catalog\controller\commonipl\publishlist.php on line 17
2017-09-01 2:47:08 - PHP Notice:  Undefined offset: 0 in D:\xampp\htdocs\oc-test\catalog\controller\commonipl\publishlist.php on line 17
2017-09-01 2:47:08 - PHP Notice:  Undefined offset: 0 in D:\xampp\htdocs\oc-test\catalog\controller\commonipl\publishlist.php on line 17
2017-09-01 2:47:08 - PHP Notice:  Undefined offset: 0 in D:\xampp\htdocs\oc-test\catalog\controller\commonipl\publishlist.php on line 17
2017-09-01 2:47:08 - PHP Notice:  Undefined offset: 0 in D:\xampp\htdocs\oc-test\catalog\controller\commonipl\publishlist.php on line 17
2017-09-01 2:47:08 - PHP Notice:  Undefined offset: 0 in D:\xampp\htdocs\oc-test\catalog\controller\commonipl\publishlist.php on line 17
2017-09-01 2:47:08 - PHP Notice:  Undefined offset: 0 in D:\xampp\htdocs\oc-test\catalog\controller\commonipl\publishlist.php on line 17
2017-09-01 2:47:08 - PHP Notice:  Undefined offset: 0 in D:\xampp\htdocs\oc-test\catalog\controller\commonipl\publishlist.php on line 17
2017-09-01 2:47:17 - PHP Notice:  Undefined index: name in D:\xampp\htdocs\oc-test\catalog\controller\commonipl\publishlist.php on line 17
2017-09-01 2:47:17 - PHP Notice:  Undefined index: name in D:\xampp\htdocs\oc-test\catalog\controller\commonipl\publishlist.php on line 17
2017-09-01 2:47:17 - PHP Notice:  Undefined index: name in D:\xampp\htdocs\oc-test\catalog\controller\commonipl\publishlist.php on line 17
2017-09-01 2:47:17 - PHP Notice:  Undefined index: name in D:\xampp\htdocs\oc-test\catalog\controller\commonipl\publishlist.php on line 17
2017-09-01 2:48:12 - PHP Notice:  Undefined index: name in D:\xampp\htdocs\oc-test\catalog\controller\commonipl\publishlist.php on line 17
2017-09-01 2:48:12 - PHP Notice:  Undefined index: name in D:\xampp\htdocs\oc-test\catalog\controller\commonipl\publishlist.php on line 17
2017-09-01 2:48:12 - PHP Notice:  Undefined index: name in D:\xampp\htdocs\oc-test\catalog\controller\commonipl\publishlist.php on line 17
2017-09-01 2:48:12 - PHP Notice:  Undefined index: name in D:\xampp\htdocs\oc-test\catalog\controller\commonipl\publishlist.php on line 17
2017-09-01 2:50:46 - PHP Notice:  Undefined index: image in D:\xampp\htdocs\oc-test\catalog\controller\commonipl\publishlist.php on line 18
2017-09-01 2:50:46 - PHP Notice:  Undefined index: image in D:\xampp\htdocs\oc-test\catalog\controller\commonipl\publishlist.php on line 18
2017-09-01 2:50:46 - PHP Notice:  Undefined index: image in D:\xampp\htdocs\oc-test\catalog\controller\commonipl\publishlist.php on line 18
2017-09-01 2:50:46 - PHP Notice:  Undefined index: image in D:\xampp\htdocs\oc-test\catalog\controller\commonipl\publishlist.php on line 18
2017-09-01 2:50:46 - PHP Notice:  Undefined index: image in D:\xampp\htdocs\oc-test\catalog\controller\commonipl\publishlist.php on line 18
2017-09-01 2:50:46 - PHP Notice:  Undefined index: image in D:\xampp\htdocs\oc-test\catalog\controller\commonipl\publishlist.php on line 18
2017-09-01 2:50:46 - PHP Notice:  Undefined index: image in D:\xampp\htdocs\oc-test\catalog\controller\commonipl\publishlist.php on line 18
2017-09-01 2:50:46 - PHP Notice:  Undefined index: image in D:\xampp\htdocs\oc-test\catalog\controller\commonipl\publishlist.php on line 18
2017-09-01 2:51:15 - PHP Notice:  Undefined index: image in D:\xampp\htdocs\oc-test\catalog\controller\commonipl\publishlist.php on line 18
2017-09-01 2:51:15 - PHP Notice:  Undefined index: image in D:\xampp\htdocs\oc-test\catalog\controller\commonipl\publishlist.php on line 18
2017-09-01 2:51:15 - PHP Notice:  Undefined index: image in D:\xampp\htdocs\oc-test\catalog\controller\commonipl\publishlist.php on line 18
2017-09-01 2:51:15 - PHP Notice:  Undefined index: image in D:\xampp\htdocs\oc-test\catalog\controller\commonipl\publishlist.php on line 18
2017-09-01 2:51:15 - PHP Notice:  Undefined index: image in D:\xampp\htdocs\oc-test\catalog\controller\commonipl\publishlist.php on line 18
2017-09-01 2:51:15 - PHP Notice:  Undefined index: image in D:\xampp\htdocs\oc-test\catalog\controller\commonipl\publishlist.php on line 18
2017-09-01 2:51:15 - PHP Notice:  Undefined index: image in D:\xampp\htdocs\oc-test\catalog\controller\commonipl\publishlist.php on line 18
2017-09-01 2:51:15 - PHP Notice:  Undefined index: image in D:\xampp\htdocs\oc-test\catalog\controller\commonipl\publishlist.php on line 18
2017-09-01 2:56:16 - PHP Notice:  Undefined variable: result in D:\xampp\htdocs\oc-test\catalog\controller\commonipl\publishlist.php on line 32
2017-09-01 2:56:16 - PHP Notice:  Undefined variable: result in D:\xampp\htdocs\oc-test\catalog\controller\commonipl\publishlist.php on line 32
2017-09-01 2:56:16 - PHP Notice:  Undefined variable: result in D:\xampp\htdocs\oc-test\catalog\controller\commonipl\publishlist.php on line 32
2017-09-01 2:56:16 - PHP Notice:  Undefined variable: result in D:\xampp\htdocs\oc-test\catalog\controller\commonipl\publishlist.php on line 32
2017-09-01 2:56:16 - PHP Notice:  Undefined variable: result in D:\xampp\htdocs\oc-test\catalog\controller\commonipl\publishlist.php on line 32
2017-09-01 2:56:16 - PHP Notice:  Undefined variable: result in D:\xampp\htdocs\oc-test\catalog\controller\commonipl\publishlist.php on line 32
2017-09-01 2:56:16 - PHP Notice:  Undefined variable: result in D:\xampp\htdocs\oc-test\catalog\controller\commonipl\publishlist.php on line 32
2017-09-01 2:56:16 - PHP Notice:  Undefined variable: result in D:\xampp\htdocs\oc-test\catalog\controller\commonipl\publishlist.php on line 32
2017-09-01 3:10:54 - PHP Notice:  Undefined index: sorts in D:\xampp\htdocs\oc-test\storage\vendor\twig\twig\lib\Twig\Environment.php(403) : eval()'d code on line 57
2017-09-01 3:10:54 - PHP Notice:  Undefined index: limits in D:\xampp\htdocs\oc-test\storage\vendor\twig\twig\lib\Twig\Environment.php(403) : eval()'d code on line 124
2017-09-01 3:11:15 - PHP Notice:  Undefined index: sorts in D:\xampp\htdocs\oc-test\storage\vendor\twig\twig\lib\Twig\Environment.php(403) : eval()'d code on line 57
2017-09-01 3:11:15 - PHP Notice:  Undefined index: limits in D:\xampp\htdocs\oc-test\storage\vendor\twig\twig\lib\Twig\Environment.php(403) : eval()'d code on line 124
2017-09-01 3:11:35 - PHP Notice:  Undefined index: sorts in D:\xampp\htdocs\oc-test\storage\vendor\twig\twig\lib\Twig\Environment.php(403) : eval()'d code on line 57
2017-09-01 3:11:35 - PHP Notice:  Undefined index: limits in D:\xampp\htdocs\oc-test\storage\vendor\twig\twig\lib\Twig\Environment.php(403) : eval()'d code on line 124
2017-09-01 4:33:34 - PHP Notice:  Undefined index: sorts in D:\xampp\htdocs\oc-test\storage\vendor\twig\twig\lib\Twig\Environment.php(403) : eval()'d code on line 57
2017-09-01 4:33:34 - PHP Notice:  Undefined index: limits in D:\xampp\htdocs\oc-test\storage\vendor\twig\twig\lib\Twig\Environment.php(403) : eval()'d code on line 124
2017-09-01 4:58:12 - PHP Notice:  Undefined index: sorts in D:\xampp\htdocs\oc-test\storage\vendor\twig\twig\lib\Twig\Environment.php(403) : eval()'d code on line 57
2017-09-01 4:58:12 - PHP Notice:  Undefined index: limits in D:\xampp\htdocs\oc-test\storage\vendor\twig\twig\lib\Twig\Environment.php(403) : eval()'d code on line 124
2017-09-01 8:05:06 - PHP Notice:  Undefined index: store in D:\xampp\htdocs\oc-test\catalog\controller\commonipl\review.php on line 200
2017-09-01 8:05:06 - PHP Notice:  Undefined index: store in D:\xampp\htdocs\oc-test\catalog\controller\commonipl\review.php on line 201
2017-09-11 7:19:54 - PHP Notice:  Undefined variable: data in D:\xampp\htdocs\oc-test\catalog\controller\information\index.php on line 7
2017-09-12 1:32:27 - PHP Warning:  include_once(D:/xampp/htdocs/oc-test/system/library/template/Twig/Autoloader.php): failed to open stream: No such file or directory in D:\xampp\htdocs\oc-test\catalog\controller\event\theme.php on line 7
2017-09-12 1:32:27 - PHP Warning:  include_once(): Failed opening 'D:/xampp/htdocs/oc-test/system/library/template/Twig/Autoloader.php' for inclusion (include_path='D:\xampp\php\PEAR') in D:\xampp\htdocs\oc-test\catalog\controller\event\theme.php on line 7
2017-09-12 1:37:52 - PHP Warning:  include_once(D:/xampp/htdocs/oc-test/system/library/template/Twig/Autoloader.php): failed to open stream: No such file or directory in D:\xampp\htdocs\oc-test\catalog\controller\event\theme.php on line 7
2017-09-12 1:37:52 - PHP Warning:  include_once(): Failed opening 'D:/xampp/htdocs/oc-test/system/library/template/Twig/Autoloader.php' for inclusion (include_path='D:\xampp\php\PEAR') in D:\xampp\htdocs\oc-test\catalog\controller\event\theme.php on line 7
2017-09-12 1:39:25 - PHP Warning:  include_once(D:/xampp/htdocs/oc-test/system/library/template/Twig/Autoloader.php): failed to open stream: No such file or directory in D:\xampp\htdocs\oc-test\catalog\controller\event\theme.php on line 7
2017-09-12 1:39:25 - PHP Warning:  include_once(): Failed opening 'D:/xampp/htdocs/oc-test/system/library/template/Twig/Autoloader.php' for inclusion (include_path='D:\xampp\php\PEAR') in D:\xampp\htdocs\oc-test\catalog\controller\event\theme.php on line 7
2017-09-12 1:40:05 - PHP Warning:  include_once(D:/xampp/htdocs/oc-test/system/library/template/Twig/Autoloader.php): failed to open stream: No such file or directory in D:\xampp\htdocs\oc-test\catalog\controller\event\theme.php on line 7
2017-09-12 1:40:05 - PHP Warning:  include_once(): Failed opening 'D:/xampp/htdocs/oc-test/system/library/template/Twig/Autoloader.php' for inclusion (include_path='D:\xampp\php\PEAR') in D:\xampp\htdocs\oc-test\catalog\controller\event\theme.php on line 7
2017-09-12 1:40:23 - PHP Warning:  include_once(D:/xampp/htdocs/oc-test/system/library/template/Twig/Autoloader.php): failed to open stream: No such file or directory in D:\xampp\htdocs\oc-test\catalog\controller\event\theme.php on line 7
2017-09-12 1:40:23 - PHP Warning:  include_once(): Failed opening 'D:/xampp/htdocs/oc-test/system/library/template/Twig/Autoloader.php' for inclusion (include_path='D:\xampp\php\PEAR') in D:\xampp\htdocs\oc-test\catalog\controller\event\theme.php on line 7
2017-09-12 1:40:28 - PHP Warning:  include_once(D:/xampp/htdocs/oc-test/system/library/template/Twig/Autoloader.php): failed to open stream: No such file or directory in D:\xampp\htdocs\oc-test\catalog\controller\event\theme.php on line 7
2017-09-12 1:40:28 - PHP Warning:  include_once(): Failed opening 'D:/xampp/htdocs/oc-test/system/library/template/Twig/Autoloader.php' for inclusion (include_path='D:\xampp\php\PEAR') in D:\xampp\htdocs\oc-test\catalog\controller\event\theme.php on line 7
2017-09-12 1:42:17 - PHP Warning:  include_once(D:/xampp/htdocs/oc-test/system/library/template/Twig/Autoloader.php): failed to open stream: No such file or directory in D:\xampp\htdocs\oc-test\catalog\controller\event\theme.php on line 7
2017-09-12 1:42:17 - PHP Warning:  include_once(): Failed opening 'D:/xampp/htdocs/oc-test/system/library/template/Twig/Autoloader.php' for inclusion (include_path='D:\xampp\php\PEAR') in D:\xampp\htdocs\oc-test\catalog\controller\event\theme.php on line 7
2017-09-12 1:42:55 - PHP Warning:  include_once(D:/xampp/htdocs/oc-test/system/library/template/Twig/Autoloader.php): failed to open stream: No such file or directory in D:\xampp\htdocs\oc-test\catalog\controller\event\theme.php on line 7
2017-09-12 1:42:55 - PHP Warning:  include_once(): Failed opening 'D:/xampp/htdocs/oc-test/system/library/template/Twig/Autoloader.php' for inclusion (include_path='D:\xampp\php\PEAR') in D:\xampp\htdocs\oc-test\catalog\controller\event\theme.php on line 7
2017-09-12 2:34:33 - PHP Warning:  include_once(D:/xampp/htdocs/oc-test/system/library/template/Twig/Autoloader.php): failed to open stream: No such file or directory in D:\xampp\htdocs\oc-test\catalog\controller\event\theme.php on line 7
2017-09-12 2:34:33 - PHP Warning:  include_once(): Failed opening 'D:/xampp/htdocs/oc-test/system/library/template/Twig/Autoloader.php' for inclusion (include_path='D:\xampp\php\PEAR') in D:\xampp\htdocs\oc-test\catalog\controller\event\theme.php on line 7
2017-09-12 2:35:10 - PHP Warning:  include_once(D:/xampp/htdocs/oc-test/system/library/template/Twig/Autoloader.php): failed to open stream: No such file or directory in D:\xampp\htdocs\oc-test\catalog\controller\event\theme.php on line 7
2017-09-12 2:35:10 - PHP Warning:  include_once(): Failed opening 'D:/xampp/htdocs/oc-test/system/library/template/Twig/Autoloader.php' for inclusion (include_path='D:\xampp\php\PEAR') in D:\xampp\htdocs\oc-test\catalog\controller\event\theme.php on line 7
2017-09-12 2:35:14 - PHP Warning:  include_once(D:/xampp/htdocs/oc-test/system/library/template/Twig/Autoloader.php): failed to open stream: No such file or directory in D:\xampp\htdocs\oc-test\catalog\controller\event\theme.php on line 7
2017-09-12 2:35:14 - PHP Warning:  include_once(): Failed opening 'D:/xampp/htdocs/oc-test/system/library/template/Twig/Autoloader.php' for inclusion (include_path='D:\xampp\php\PEAR') in D:\xampp\htdocs\oc-test\catalog\controller\event\theme.php on line 7
2017-09-12 2:35:43 - PHP Warning:  include_once(D:/xampp/htdocs/oc-test/system/library/template/Twig/Autoloader.php): failed to open stream: No such file or directory in D:\xampp\htdocs\oc-test\catalog\controller\event\theme.php on line 7
2017-09-12 2:35:43 - PHP Warning:  include_once(): Failed opening 'D:/xampp/htdocs/oc-test/system/library/template/Twig/Autoloader.php' for inclusion (include_path='D:\xampp\php\PEAR') in D:\xampp\htdocs\oc-test\catalog\controller\event\theme.php on line 7
2017-09-12 2:47:18 - PHP Warning:  include_once(D:/xampp/htdocs/oc-test/system/library/template/Twig/Autoloader.php): failed to open stream: No such file or directory in D:\xampp\htdocs\oc-test\catalog\controller\event\theme.php on line 7
2017-09-12 2:47:18 - PHP Warning:  include_once(): Failed opening 'D:/xampp/htdocs/oc-test/system/library/template/Twig/Autoloader.php' for inclusion (include_path='D:\xampp\php\PEAR') in D:\xampp\htdocs\oc-test\catalog\controller\event\theme.php on line 7
2017-09-12 2:48:43 - PHP Warning:  include_once(D:/xampp/htdocs/oc-test/system/library/template/Twig/Autoloader.php): failed to open stream: No such file or directory in D:\xampp\htdocs\oc-test\catalog\controller\event\theme.php on line 7
2017-09-12 2:48:43 - PHP Warning:  include_once(): Failed opening 'D:/xampp/htdocs/oc-test/system/library/template/Twig/Autoloader.php' for inclusion (include_path='D:\xampp\php\PEAR') in D:\xampp\htdocs\oc-test\catalog\controller\event\theme.php on line 7
2017-09-12 2:48:52 - PHP Warning:  include_once(D:/xampp/htdocs/oc-test/system/library/template/Twig/Autoloader.php): failed to open stream: No such file or directory in D:\xampp\htdocs\oc-test\catalog\controller\event\theme.php on line 7
2017-09-12 2:48:52 - PHP Warning:  include_once(): Failed opening 'D:/xampp/htdocs/oc-test/system/library/template/Twig/Autoloader.php' for inclusion (include_path='D:\xampp\php\PEAR') in D:\xampp\htdocs\oc-test\catalog\controller\event\theme.php on line 7
2017-09-12 2:53:39 - PHP Warning:  include_once(D:/xampp/htdocs/oc-test/system/library/template/Twig/Autoloader.php): failed to open stream: No such file or directory in D:\xampp\htdocs\oc-test\catalog\controller\event\theme.php on line 7
2017-09-12 2:53:39 - PHP Warning:  include_once(): Failed opening 'D:/xampp/htdocs/oc-test/system/library/template/Twig/Autoloader.php' for inclusion (include_path='D:\xampp\php\PEAR') in D:\xampp\htdocs\oc-test\catalog\controller\event\theme.php on line 7
2017-09-13 1:36:14 - PHP Warning:  include_once(D:/xampp/htdocs/oc-test/system/library/template/Twig/Autoloader.php): failed to open stream: No such file or directory in D:\xampp\htdocs\oc-test\catalog\controller\event\theme.php on line 7
2017-09-13 1:36:14 - PHP Warning:  include_once(): Failed opening 'D:/xampp/htdocs/oc-test/system/library/template/Twig/Autoloader.php' for inclusion (include_path='D:\xampp\php\PEAR') in D:\xampp\htdocs\oc-test\catalog\controller\event\theme.php on line 7
2017-09-13 4:12:14 - PHP Notice:  Undefined index: telephone in D:\xampp\htdocs\oc-test\catalog\model\account\customer.php on line 10
2017-09-13 4:12:15 - PHP Warning:  mail(): Failed to connect to mailserver at &quot;localhost&quot; port 25, verify your &quot;SMTP&quot; and &quot;smtp_port&quot; setting in php.ini or use ini_set() in D:\xampp\htdocs\oc-test\system\library\mail\mail.php on line 77
2017-09-13 4:12:57 - PHP Notice:  Undefined index: sorts in D:\xampp\htdocs\oc-test\storage\vendor\twig\twig\lib\Twig\Environment.php(403) : eval()'d code on line 57
2017-09-13 4:12:57 - PHP Notice:  Undefined index: limits in D:\xampp\htdocs\oc-test\storage\vendor\twig\twig\lib\Twig\Environment.php(403) : eval()'d code on line 124
2017-09-13 6:05:18 - PHP Notice:  Undefined index: sorts in D:\xampp\htdocs\oc-test\storage\vendor\twig\twig\lib\Twig\Environment.php(403) : eval()'d code on line 57
2017-09-13 6:05:18 - PHP Notice:  Undefined index: limits in D:\xampp\htdocs\oc-test\storage\vendor\twig\twig\lib\Twig\Environment.php(403) : eval()'d code on line 124
2017-09-13 6:17:39 - PHP Warning:  include_once(D:/xampp/htdocs/oc-test/system/library/template/Twig/Autoloader.php): failed to open stream: No such file or directory in D:\xampp\htdocs\oc-test\catalog\controller\event\theme.php on line 7
2017-09-13 6:17:39 - PHP Warning:  include_once(): Failed opening 'D:/xampp/htdocs/oc-test/system/library/template/Twig/Autoloader.php' for inclusion (include_path='D:\xampp\php\PEAR') in D:\xampp\htdocs\oc-test\catalog\controller\event\theme.php on line 7
2017-09-14 8:41:20 - PHP Warning:  include_once(D:/xampp/htdocs/oc-test/system/library/template/Twig/Autoloader.php): failed to open stream: No such file or directory in D:\xampp\htdocs\oc-test\catalog\controller\event\theme.php on line 7
2017-09-14 8:41:20 - PHP Warning:  include_once(): Failed opening 'D:/xampp/htdocs/oc-test/system/library/template/Twig/Autoloader.php' for inclusion (include_path='D:\xampp\php\PEAR') in D:\xampp\htdocs\oc-test\catalog\controller\event\theme.php on line 7
2017-09-15 5:59:42 - PHP Warning:  include_once(D:/xampp/htdocs/oc-test/system/library/template/Twig/Autoloader.php): failed to open stream: No such file or directory in D:\xampp\htdocs\oc-test\catalog\controller\event\theme.php on line 7
2017-09-15 5:59:42 - PHP Warning:  include_once(): Failed opening 'D:/xampp/htdocs/oc-test/system/library/template/Twig/Autoloader.php' for inclusion (include_path='D:\xampp\php\PEAR') in D:\xampp\htdocs\oc-test\catalog\controller\event\theme.php on line 7
2017-09-15 12:40:40 - PHP Warning:  include_once(D:/xampp/htdocs/oc-test/system/library/template/Twig/Autoloader.php): failed to open stream: No such file or directory in D:\xampp\htdocs\oc-test\catalog\controller\event\theme.php on line 7
2017-09-15 12:40:40 - PHP Warning:  include_once(): Failed opening 'D:/xampp/htdocs/oc-test/system/library/template/Twig/Autoloader.php' for inclusion (include_path='D:\xampp\php\PEAR') in D:\xampp\htdocs\oc-test\catalog\controller\event\theme.php on line 7
2017-09-16 1:42:11 - PHP Warning:  include_once(D:/xampp/htdocs/oc-test/system/library/template/Twig/Autoloader.php): failed to open stream: No such file or directory in D:\xampp\htdocs\oc-test\catalog\controller\event\theme.php on line 7
2017-09-16 1:42:11 - PHP Warning:  include_once(): Failed opening 'D:/xampp/htdocs/oc-test/system/library/template/Twig/Autoloader.php' for inclusion (include_path='D:\xampp\php\PEAR') in D:\xampp\htdocs\oc-test\catalog\controller\event\theme.php on line 7
2017-09-18 4:25:48 - PHP Notice:  Undefined index: forwarded_ip in D:\xampp\htdocs\oc-test\admin\controller\sale\production.php on line 230
2017-09-18 4:25:48 - PHP Notice:  Undefined index: customer in D:\xampp\htdocs\oc-test\admin\controller\sale\production.php on line 231
2017-09-18 4:25:48 - PHP Notice:  Undefined index: order_status in D:\xampp\htdocs\oc-test\admin\controller\sale\production.php on line 232
2017-09-18 4:25:48 - PHP Notice:  Undefined index: date_added in D:\xampp\htdocs\oc-test\admin\controller\sale\production.php on line 234
2017-09-18 4:25:48 - PHP Notice:  Undefined index: date_modified in D:\xampp\htdocs\oc-test\admin\controller\sale\production.php on line 235
2017-09-18 4:25:48 - PHP Notice:  Undefined index: shipping_code in D:\xampp\htdocs\oc-test\admin\controller\sale\production.php on line 236
2017-09-18 4:25:48 - PHP Notice:  Undefined index: forwarded_ip in D:\xampp\htdocs\oc-test\admin\controller\sale\production.php on line 230
2017-09-18 4:25:48 - PHP Notice:  Undefined index: customer in D:\xampp\htdocs\oc-test\admin\controller\sale\production.php on line 231
2017-09-18 4:25:48 - PHP Notice:  Undefined index: order_status in D:\xampp\htdocs\oc-test\admin\controller\sale\production.php on line 232
2017-09-18 4:25:48 - PHP Notice:  Undefined index: date_added in D:\xampp\htdocs\oc-test\admin\controller\sale\production.php on line 234
2017-09-18 4:25:48 - PHP Notice:  Undefined index: date_modified in D:\xampp\htdocs\oc-test\admin\controller\sale\production.php on line 235
2017-09-18 4:25:48 - PHP Notice:  Undefined index: shipping_code in D:\xampp\htdocs\oc-test\admin\controller\sale\production.php on line 236
2017-09-18 4:25:48 - PHP Notice:  Undefined index: forwarded_ip in D:\xampp\htdocs\oc-test\admin\controller\sale\production.php on line 230
2017-09-18 4:25:48 - PHP Notice:  Undefined index: customer in D:\xampp\htdocs\oc-test\admin\controller\sale\production.php on line 231
2017-09-18 4:25:48 - PHP Notice:  Undefined index: order_status in D:\xampp\htdocs\oc-test\admin\controller\sale\production.php on line 232
2017-09-18 4:25:48 - PHP Notice:  Undefined index: date_added in D:\xampp\htdocs\oc-test\admin\controller\sale\production.php on line 234
2017-09-18 4:25:48 - PHP Notice:  Undefined index: date_modified in D:\xampp\htdocs\oc-test\admin\controller\sale\production.php on line 235
2017-09-18 4:25:48 - PHP Notice:  Undefined index: shipping_code in D:\xampp\htdocs\oc-test\admin\controller\sale\production.php on line 236
2017-09-18 4:25:48 - PHP Notice:  Undefined index: forwarded_ip in D:\xampp\htdocs\oc-test\admin\controller\sale\production.php on line 230
2017-09-18 4:25:48 - PHP Notice:  Undefined index: customer in D:\xampp\htdocs\oc-test\admin\controller\sale\production.php on line 231
2017-09-18 4:25:48 - PHP Notice:  Undefined index: order_status in D:\xampp\htdocs\oc-test\admin\controller\sale\production.php on line 232
2017-09-18 4:25:48 - PHP Notice:  Undefined index: date_added in D:\xampp\htdocs\oc-test\admin\controller\sale\production.php on line 234
2017-09-18 4:25:48 - PHP Notice:  Undefined index: date_modified in D:\xampp\htdocs\oc-test\admin\controller\sale\production.php on line 235
2017-09-18 4:25:48 - PHP Notice:  Undefined index: shipping_code in D:\xampp\htdocs\oc-test\admin\controller\sale\production.php on line 236
2017-09-18 4:25:48 - PHP Notice:  Undefined index: forwarded_ip in D:\xampp\htdocs\oc-test\admin\controller\sale\production.php on line 230
2017-09-18 4:25:48 - PHP Notice:  Undefined index: customer in D:\xampp\htdocs\oc-test\admin\controller\sale\production.php on line 231
2017-09-18 4:25:48 - PHP Notice:  Undefined index: order_status in D:\xampp\htdocs\oc-test\admin\controller\sale\production.php on line 232
2017-09-18 4:25:48 - PHP Notice:  Undefined index: date_added in D:\xampp\htdocs\oc-test\admin\controller\sale\production.php on line 234
2017-09-18 4:25:48 - PHP Notice:  Undefined index: date_modified in D:\xampp\htdocs\oc-test\admin\controller\sale\production.php on line 235
2017-09-18 4:25:48 - PHP Notice:  Undefined index: shipping_code in D:\xampp\htdocs\oc-test\admin\controller\sale\production.php on line 236
2017-09-18 5:22:24 - PHP Warning:  include_once(D:/xampp/htdocs/oc-test/system/library/template/Twig/Autoloader.php): failed to open stream: No such file or directory in D:\xampp\htdocs\oc-test\catalog\controller\event\theme.php on line 7
2017-09-18 5:22:24 - PHP Warning:  include_once(): Failed opening 'D:/xampp/htdocs/oc-test/system/library/template/Twig/Autoloader.php' for inclusion (include_path='D:\xampp\php\PEAR') in D:\xampp\htdocs\oc-test\catalog\controller\event\theme.php on line 7
2017-09-18 6:10:03 - PHP Notice:  Undefined index: Store in D:\xampp\htdocs\oc-test\catalog\controller\common\connect.php on line 12
2017-09-18 6:10:22 - PHP Notice:  Array to string conversion in D:\xampp\htdocs\oc-test\catalog\controller\common\connect.php on line 16
2017-09-18 6:10:22 - PHP Warning:  explode() expects parameter 2 to be string, array given in D:\xampp\htdocs\oc-test\catalog\controller\common\connect.php on line 17
2017-09-18 6:11:00 - PHP Warning:  explode() expects parameter 2 to be string, array given in D:\xampp\htdocs\oc-test\catalog\controller\common\connect.php on line 17
2017-09-18 7:21:28 - PHP Notice:  Undefined index: customer in D:\xampp\htdocs\oc-test\admin\controller\sale\production.php on line 231
2017-09-18 7:21:28 - PHP Notice:  Undefined index: order_status in D:\xampp\htdocs\oc-test\admin\controller\sale\production.php on line 232
2017-09-18 7:21:28 - PHP Notice:  Undefined index: date_added in D:\xampp\htdocs\oc-test\admin\controller\sale\production.php on line 234
2017-09-18 7:21:28 - PHP Notice:  Undefined index: date_modified in D:\xampp\htdocs\oc-test\admin\controller\sale\production.php on line 235
2017-09-18 7:21:28 - PHP Notice:  Undefined index: shipping_code in D:\xampp\htdocs\oc-test\admin\controller\sale\production.php on line 236
2017-09-18 7:21:28 - PHP Notice:  Undefined index: customer in D:\xampp\htdocs\oc-test\admin\controller\sale\production.php on line 231
2017-09-18 7:21:28 - PHP Notice:  Undefined index: order_status in D:\xampp\htdocs\oc-test\admin\controller\sale\production.php on line 232
2017-09-18 7:21:28 - PHP Notice:  Undefined index: date_added in D:\xampp\htdocs\oc-test\admin\controller\sale\production.php on line 234
2017-09-18 7:21:28 - PHP Notice:  Undefined index: date_modified in D:\xampp\htdocs\oc-test\admin\controller\sale\production.php on line 235
2017-09-18 7:21:28 - PHP Notice:  Undefined index: shipping_code in D:\xampp\htdocs\oc-test\admin\controller\sale\production.php on line 236
2017-09-18 7:21:28 - PHP Notice:  Undefined index: customer in D:\xampp\htdocs\oc-test\admin\controller\sale\production.php on line 231
2017-09-18 7:21:28 - PHP Notice:  Undefined index: order_status in D:\xampp\htdocs\oc-test\admin\controller\sale\production.php on line 232
2017-09-18 7:21:28 - PHP Notice:  Undefined index: date_added in D:\xampp\htdocs\oc-test\admin\controller\sale\production.php on line 234
2017-09-18 7:21:28 - PHP Notice:  Undefined index: date_modified in D:\xampp\htdocs\oc-test\admin\controller\sale\production.php on line 235
2017-09-18 7:21:28 - PHP Notice:  Undefined index: shipping_code in D:\xampp\htdocs\oc-test\admin\controller\sale\production.php on line 236
2017-09-18 7:21:28 - PHP Notice:  Undefined index: customer in D:\xampp\htdocs\oc-test\admin\controller\sale\production.php on line 231
2017-09-18 7:21:28 - PHP Notice:  Undefined index: order_status in D:\xampp\htdocs\oc-test\admin\controller\sale\production.php on line 232
2017-09-18 7:21:28 - PHP Notice:  Undefined index: date_added in D:\xampp\htdocs\oc-test\admin\controller\sale\production.php on line 234
2017-09-18 7:21:28 - PHP Notice:  Undefined index: date_modified in D:\xampp\htdocs\oc-test\admin\controller\sale\production.php on line 235
2017-09-18 7:21:28 - PHP Notice:  Undefined index: shipping_code in D:\xampp\htdocs\oc-test\admin\controller\sale\production.php on line 236
2017-09-18 7:21:28 - PHP Notice:  Undefined index: customer in D:\xampp\htdocs\oc-test\admin\controller\sale\production.php on line 231
2017-09-18 7:21:28 - PHP Notice:  Undefined index: order_status in D:\xampp\htdocs\oc-test\admin\controller\sale\production.php on line 232
2017-09-18 7:21:28 - PHP Notice:  Undefined index: date_added in D:\xampp\htdocs\oc-test\admin\controller\sale\production.php on line 234
2017-09-18 7:21:28 - PHP Notice:  Undefined index: date_modified in D:\xampp\htdocs\oc-test\admin\controller\sale\production.php on line 235
2017-09-18 7:21:28 - PHP Notice:  Undefined index: shipping_code in D:\xampp\htdocs\oc-test\admin\controller\sale\production.php on line 236
2017-09-18 7:22:01 - PHP Notice:  Undefined index: customer in D:\xampp\htdocs\oc-test\admin\controller\sale\production.php on line 231
2017-09-18 7:22:01 - PHP Notice:  Undefined index: order_status in D:\xampp\htdocs\oc-test\admin\controller\sale\production.php on line 232
2017-09-18 7:22:01 - PHP Notice:  Undefined index: date_added in D:\xampp\htdocs\oc-test\admin\controller\sale\production.php on line 234
2017-09-18 7:22:01 - PHP Notice:  Undefined index: date_modified in D:\xampp\htdocs\oc-test\admin\controller\sale\production.php on line 235
2017-09-18 7:22:01 - PHP Notice:  Undefined index: shipping_code in D:\xampp\htdocs\oc-test\admin\controller\sale\production.php on line 236
2017-09-18 7:22:01 - PHP Notice:  Undefined index: customer in D:\xampp\htdocs\oc-test\admin\controller\sale\production.php on line 231
2017-09-18 7:22:01 - PHP Notice:  Undefined index: order_status in D:\xampp\htdocs\oc-test\admin\controller\sale\production.php on line 232
2017-09-18 7:22:01 - PHP Notice:  Undefined index: date_added in D:\xampp\htdocs\oc-test\admin\controller\sale\production.php on line 234
2017-09-18 7:22:01 - PHP Notice:  Undefined index: date_modified in D:\xampp\htdocs\oc-test\admin\controller\sale\production.php on line 235
2017-09-18 7:22:01 - PHP Notice:  Undefined index: shipping_code in D:\xampp\htdocs\oc-test\admin\controller\sale\production.php on line 236
2017-09-18 7:22:01 - PHP Notice:  Undefined index: customer in D:\xampp\htdocs\oc-test\admin\controller\sale\production.php on line 231
2017-09-18 7:22:01 - PHP Notice:  Undefined index: order_status in D:\xampp\htdocs\oc-test\admin\controller\sale\production.php on line 232
2017-09-18 7:22:01 - PHP Notice:  Undefined index: date_added in D:\xampp\htdocs\oc-test\admin\controller\sale\production.php on line 234
2017-09-18 7:22:01 - PHP Notice:  Undefined index: date_modified in D:\xampp\htdocs\oc-test\admin\controller\sale\production.php on line 235
2017-09-18 7:22:01 - PHP Notice:  Undefined index: shipping_code in D:\xampp\htdocs\oc-test\admin\controller\sale\production.php on line 236
2017-09-18 7:22:01 - PHP Notice:  Undefined index: customer in D:\xampp\htdocs\oc-test\admin\controller\sale\production.php on line 231
2017-09-18 7:22:01 - PHP Notice:  Undefined index: order_status in D:\xampp\htdocs\oc-test\admin\controller\sale\production.php on line 232
2017-09-18 7:22:01 - PHP Notice:  Undefined index: date_added in D:\xampp\htdocs\oc-test\admin\controller\sale\production.php on line 234
2017-09-18 7:22:01 - PHP Notice:  Undefined index: date_modified in D:\xampp\htdocs\oc-test\admin\controller\sale\production.php on line 235
2017-09-18 7:22:01 - PHP Notice:  Undefined index: shipping_code in D:\xampp\htdocs\oc-test\admin\controller\sale\production.php on line 236
2017-09-18 7:22:01 - PHP Notice:  Undefined index: customer in D:\xampp\htdocs\oc-test\admin\controller\sale\production.php on line 231
2017-09-18 7:22:01 - PHP Notice:  Undefined index: order_status in D:\xampp\htdocs\oc-test\admin\controller\sale\production.php on line 232
2017-09-18 7:22:01 - PHP Notice:  Undefined index: date_added in D:\xampp\htdocs\oc-test\admin\controller\sale\production.php on line 234
2017-09-18 7:22:01 - PHP Notice:  Undefined index: date_modified in D:\xampp\htdocs\oc-test\admin\controller\sale\production.php on line 235
2017-09-18 7:22:01 - PHP Notice:  Undefined index: shipping_code in D:\xampp\htdocs\oc-test\admin\controller\sale\production.php on line 236
2017-09-18 7:26:37 - PHP Notice:  Undefined index: date_added in D:\xampp\htdocs\oc-test\admin\controller\sale\production.php on line 288
2017-09-18 7:26:37 - PHP Notice:  Undefined index: date_added in D:\xampp\htdocs\oc-test\admin\controller\sale\production.php on line 288
2017-09-18 7:26:37 - PHP Notice:  Undefined index: date_added in D:\xampp\htdocs\oc-test\admin\controller\sale\production.php on line 288
2017-09-18 7:26:37 - PHP Notice:  Undefined index: date_added in D:\xampp\htdocs\oc-test\admin\controller\sale\production.php on line 288
2017-09-18 7:27:52 - PHP Notice:  Undefined index: date_added in D:\xampp\htdocs\oc-test\admin\controller\sale\production.php on line 288
2017-09-18 7:27:52 - PHP Notice:  Undefined index: date_added in D:\xampp\htdocs\oc-test\admin\controller\sale\production.php on line 288
2017-09-18 7:27:52 - PHP Notice:  Undefined index: date_added in D:\xampp\htdocs\oc-test\admin\controller\sale\production.php on line 288
2017-09-18 7:27:52 - PHP Notice:  Undefined index: date_added in D:\xampp\htdocs\oc-test\admin\controller\sale\production.php on line 288
2017-09-18 7:28:51 - PHP Notice:  Undefined index: date_added in D:\xampp\htdocs\oc-test\admin\controller\sale\production.php on line 275
2017-09-18 7:28:51 - PHP Notice:  Undefined index: date_added in D:\xampp\htdocs\oc-test\admin\controller\sale\production.php on line 289
2017-09-18 7:28:51 - PHP Notice:  Undefined index: date_added in D:\xampp\htdocs\oc-test\admin\controller\sale\production.php on line 275
2017-09-18 7:28:51 - PHP Notice:  Undefined index: date_added in D:\xampp\htdocs\oc-test\admin\controller\sale\production.php on line 289
2017-09-18 7:28:51 - PHP Notice:  Undefined index: date_added in D:\xampp\htdocs\oc-test\admin\controller\sale\production.php on line 275
2017-09-18 7:28:51 - PHP Notice:  Undefined index: date_added in D:\xampp\htdocs\oc-test\admin\controller\sale\production.php on line 289
2017-09-18 7:28:51 - PHP Notice:  Undefined index: date_added in D:\xampp\htdocs\oc-test\admin\controller\sale\production.php on line 275
2017-09-18 7:28:51 - PHP Notice:  Undefined index: date_added in D:\xampp\htdocs\oc-test\admin\controller\sale\production.php on line 289
2017-09-18 7:29:20 - PHP Notice:  Undefined index: date_added in D:\xampp\htdocs\oc-test\admin\controller\sale\production.php on line 289
2017-09-18 7:29:20 - PHP Notice:  Undefined index: date_added in D:\xampp\htdocs\oc-test\admin\controller\sale\production.php on line 289
2017-09-18 7:29:20 - PHP Notice:  Undefined index: date_added in D:\xampp\htdocs\oc-test\admin\controller\sale\production.php on line 289
2017-09-18 7:29:20 - PHP Notice:  Undefined index: date_added in D:\xampp\htdocs\oc-test\admin\controller\sale\production.php on line 289
2017-09-18 8:47:17 - PHP Notice:  Undefined index: total in D:\xampp\htdocs\oc-test\admin\model\sale\production.php on line 291
2017-09-18 10:07:58 - PHP Notice:  Undefined variable: filter_order_status_id in D:\xampp\htdocs\oc-test\admin\controller\sale\production.php on line 220
2017-09-19 2:46:36 - PHP Warning:  include_once(D:/xampp/htdocs/oc-test/system/library/template/Twig/Autoloader.php): failed to open stream: No such file or directory in D:\xampp\htdocs\oc-test\catalog\controller\event\theme.php on line 7
2017-09-19 2:46:36 - PHP Warning:  include_once(): Failed opening 'D:/xampp/htdocs/oc-test/system/library/template/Twig/Autoloader.php' for inclusion (include_path='D:\xampp\php\PEAR') in D:\xampp\htdocs\oc-test\catalog\controller\event\theme.php on line 7
2017-09-19 2:49:51 - PHP Warning:  require(vendor/autoload.php): failed to open stream: No such file or directory in D:\xampp\htdocs\oc-test\catalog\controller\common\connect.php on line 2
2017-09-19 2:50:39 - PHP Warning:  require(../shopify/vendor/autoload.php): failed to open stream: No such file or directory in D:\xampp\htdocs\oc-test\catalog\controller\common\connect.php on line 2
2017-09-19 2:55:22 - PHP Warning:  include_once(D:/xampp/htdocs/oc-test/system/library/template/Twig/Autoloader.php): failed to open stream: No such file or directory in D:\xampp\htdocs\oc-test\catalog\controller\event\theme.php on line 7
2017-09-19 2:55:22 - PHP Warning:  include_once(): Failed opening 'D:/xampp/htdocs/oc-test/system/library/template/Twig/Autoloader.php' for inclusion (include_path='D:\xampp\php\PEAR') in D:\xampp\htdocs\oc-test\catalog\controller\event\theme.php on line 7
2017-09-19 2:57:02 - PHP Notice:  Undefined index: token in D:\xampp\htdocs\oc-test\catalog\controller\common\connect.php on line 26
2017-09-19 3:31:46 - PHP Warning:  include_once(D:/xampp/htdocs/oc-test/system/library/template/Twig/Autoloader.php): failed to open stream: No such file or directory in D:\xampp\htdocs\oc-test\catalog\controller\event\theme.php on line 7
2017-09-19 3:31:46 - PHP Warning:  include_once(): Failed opening 'D:/xampp/htdocs/oc-test/system/library/template/Twig/Autoloader.php' for inclusion (include_path='D:\xampp\php\PEAR') in D:\xampp\htdocs\oc-test\catalog\controller\event\theme.php on line 7
2017-09-19 3:32:00 - PHP Notice:  Undefined index: token in D:\xampp\htdocs\oc-test\catalog\controller\common\connect.php on line 26
2017-09-19 3:32:08 - PHP Warning:  require(D:\xampp\htdocs\oc-test\catalog\controller\shopify/conf.php): failed to open stream: No such file or directory in D:\xampp\htdocs\oc-test\catalog\controller\shopify\loadorders.php on line 6
2017-09-19 3:34:21 - PHP Warning:  include_once(D:/xampp/htdocs/oc-test/system/library/template/Twig/Autoloader.php): failed to open stream: No such file or directory in D:\xampp\htdocs\oc-test\catalog\controller\event\theme.php on line 7
2017-09-19 3:34:21 - PHP Warning:  include_once(): Failed opening 'D:/xampp/htdocs/oc-test/system/library/template/Twig/Autoloader.php' for inclusion (include_path='D:\xampp\php\PEAR') in D:\xampp\htdocs\oc-test\catalog\controller\event\theme.php on line 7
2017-09-19 3:34:39 - PHP Warning:  password_verify() expects parameter 1 to be string, array given in D:\xampp\htdocs\oc-test\system\library\cart\customer.php on line 57
2017-09-19 3:34:39 - PHP Warning:  sha1() expects parameter 1 to be string, array given in D:\xampp\htdocs\oc-test\system\library\cart\customer.php on line 61
2017-09-19 3:34:39 - PHP Warning:  md5() expects parameter 1 to be string, array given in D:\xampp\htdocs\oc-test\system\library\cart\customer.php on line 61
2017-09-19 3:34:48 - PHP Warning:  password_verify() expects parameter 1 to be string, array given in D:\xampp\htdocs\oc-test\system\library\cart\customer.php on line 57
2017-09-19 3:34:48 - PHP Warning:  sha1() expects parameter 1 to be string, array given in D:\xampp\htdocs\oc-test\system\library\cart\customer.php on line 61
2017-09-19 3:34:48 - PHP Warning:  md5() expects parameter 1 to be string, array given in D:\xampp\htdocs\oc-test\system\library\cart\customer.php on line 61
2017-09-19 3:35:04 - PHP Warning:  password_verify() expects parameter 1 to be string, array given in D:\xampp\htdocs\oc-test\system\library\cart\customer.php on line 57
2017-09-19 3:35:04 - PHP Warning:  sha1() expects parameter 1 to be string, array given in D:\xampp\htdocs\oc-test\system\library\cart\customer.php on line 61
2017-09-19 3:35:04 - PHP Warning:  md5() expects parameter 1 to be string, array given in D:\xampp\htdocs\oc-test\system\library\cart\customer.php on line 61
2017-09-19 3:35:43 - PHP Notice:  Array to string conversion in D:\xampp\htdocs\oc-test\catalog\controller\common\connect.php on line 28
2017-09-19 3:35:43 - PHP Warning:  password_verify() expects parameter 1 to be string, array given in D:\xampp\htdocs\oc-test\system\library\cart\customer.php on line 57
2017-09-19 3:35:43 - PHP Warning:  sha1() expects parameter 1 to be string, array given in D:\xampp\htdocs\oc-test\system\library\cart\customer.php on line 61
2017-09-19 3:35:43 - PHP Warning:  md5() expects parameter 1 to be string, array given in D:\xampp\htdocs\oc-test\system\library\cart\customer.php on line 61
2017-09-19 3:36:22 - PHP Notice:  Array to string conversion in D:\xampp\htdocs\oc-test\catalog\controller\common\connect.php on line 28
2017-09-19 3:36:22 - PHP Warning:  password_verify() expects parameter 1 to be string, array given in D:\xampp\htdocs\oc-test\system\library\cart\customer.php on line 57
2017-09-19 3:36:22 - PHP Warning:  sha1() expects parameter 1 to be string, array given in D:\xampp\htdocs\oc-test\system\library\cart\customer.php on line 61
2017-09-19 3:36:22 - PHP Warning:  md5() expects parameter 1 to be string, array given in D:\xampp\htdocs\oc-test\system\library\cart\customer.php on line 61
2017-09-19 3:36:47 - PHP Warning:  password_verify() expects parameter 1 to be string, array given in D:\xampp\htdocs\oc-test\system\library\cart\customer.php on line 57
2017-09-19 3:36:47 - PHP Warning:  sha1() expects parameter 1 to be string, array given in D:\xampp\htdocs\oc-test\system\library\cart\customer.php on line 61
2017-09-19 3:36:47 - PHP Warning:  md5() expects parameter 1 to be string, array given in D:\xampp\htdocs\oc-test\system\library\cart\customer.php on line 61
2017-09-19 3:37:37 - PHP Warning:  password_verify() expects parameter 1 to be string, array given in D:\xampp\htdocs\oc-test\system\library\cart\customer.php on line 57
2017-09-19 3:37:37 - PHP Warning:  sha1() expects parameter 1 to be string, array given in D:\xampp\htdocs\oc-test\system\library\cart\customer.php on line 61
2017-09-19 3:37:37 - PHP Warning:  md5() expects parameter 1 to be string, array given in D:\xampp\htdocs\oc-test\system\library\cart\customer.php on line 61
2017-09-19 3:37:44 - PHP Warning:  password_verify() expects parameter 1 to be string, array given in D:\xampp\htdocs\oc-test\system\library\cart\customer.php on line 57
2017-09-19 3:37:44 - PHP Warning:  sha1() expects parameter 1 to be string, array given in D:\xampp\htdocs\oc-test\system\library\cart\customer.php on line 61
2017-09-19 3:37:44 - PHP Warning:  md5() expects parameter 1 to be string, array given in D:\xampp\htdocs\oc-test\system\library\cart\customer.php on line 61
2017-09-19 3:38:17 - PHP Warning:  password_verify() expects parameter 1 to be string, array given in D:\xampp\htdocs\oc-test\system\library\cart\customer.php on line 57
2017-09-19 3:38:17 - PHP Warning:  sha1() expects parameter 1 to be string, array given in D:\xampp\htdocs\oc-test\system\library\cart\customer.php on line 61
2017-09-19 3:38:17 - PHP Warning:  md5() expects parameter 1 to be string, array given in D:\xampp\htdocs\oc-test\system\library\cart\customer.php on line 61
2017-09-19 4:10:08 - PHP Warning:  include_once(D:/xampp/htdocs/oc-test/system/library/template/Twig/Autoloader.php): failed to open stream: No such file or directory in D:\xampp\htdocs\oc-test\catalog\controller\event\theme.php on line 7
2017-09-19 4:10:08 - PHP Warning:  include_once(): Failed opening 'D:/xampp/htdocs/oc-test/system/library/template/Twig/Autoloader.php' for inclusion (include_path='D:\xampp\php\PEAR') in D:\xampp\htdocs\oc-test\catalog\controller\event\theme.php on line 7
2017-09-19 4:19:26 - PHP Notice:  Undefined index: shop in D:\xampp\htdocs\oc-test\catalog\controller\shopify\oauth.php on line 56
2017-09-19 5:57:11 - PHP Warning:  include_once(D:/xampp/htdocs/oc-test/system/library/template/Twig/Autoloader.php): failed to open stream: No such file or directory in D:\xampp\htdocs\oc-test\catalog\controller\event\theme.php on line 7
2017-09-19 5:57:11 - PHP Warning:  include_once(): Failed opening 'D:/xampp/htdocs/oc-test/system/library/template/Twig/Autoloader.php' for inclusion (include_path='D:\xampp\php\PEAR') in D:\xampp\htdocs\oc-test\catalog\controller\event\theme.php on line 7
2017-09-19 6:05:36 - PHP Warning:  include_once(D:/xampp/htdocs/oc-test/system/library/template/Twig/Autoloader.php): failed to open stream: No such file or directory in D:\xampp\htdocs\oc-test\catalog\controller\event\theme.php on line 7
2017-09-19 6:05:36 - PHP Warning:  include_once(): Failed opening 'D:/xampp/htdocs/oc-test/system/library/template/Twig/Autoloader.php' for inclusion (include_path='D:\xampp\php\PEAR') in D:\xampp\htdocs\oc-test\catalog\controller\event\theme.php on line 7
2017-09-19 7:44:33 - PHP Notice:  Undefined variable: filter_order_id in D:\xampp\htdocs\oc-test\admin\controller\catalog\customerproduct.php on line 82
2017-09-19 7:44:33 - PHP Notice:  Undefined index: store in D:\xampp\htdocs\oc-test\admin\controller\catalog\customerproduct.php on line 86
2017-09-19 7:44:33 - PHP Notice:  Undefined index: store in D:\xampp\htdocs\oc-test\admin\controller\catalog\customerproduct.php on line 87
2017-09-19 7:45:04 - PHP Notice:  Undefined index: store in D:\xampp\htdocs\oc-test\admin\controller\catalog\customerproduct.php on line 86
2017-09-19 7:45:04 - PHP Notice:  Undefined index: store in D:\xampp\htdocs\oc-test\admin\controller\catalog\customerproduct.php on line 87
2017-09-20 1:29:53 - PHP Warning:  include_once(D:/xampp/htdocs/oc-test/system/library/template/Twig/Autoloader.php): failed to open stream: No such file or directory in D:\xampp\htdocs\oc-test\catalog\controller\event\theme.php on line 7
2017-09-20 1:29:53 - PHP Warning:  include_once(): Failed opening 'D:/xampp/htdocs/oc-test/system/library/template/Twig/Autoloader.php' for inclusion (include_path='D:\xampp\php\PEAR') in D:\xampp\htdocs\oc-test\catalog\controller\event\theme.php on line 7
2017-09-20 1:31:45 - PHP Notice:  Undefined index: telephone in D:\xampp\htdocs\oc-test\catalog\model\account\customer.php on line 10
2017-09-20 1:31:46 - PHP Warning:  mail(): Failed to connect to mailserver at &quot;localhost&quot; port 25, verify your &quot;SMTP&quot; and &quot;smtp_port&quot; setting in php.ini or use ini_set() in D:\xampp\htdocs\oc-test\system\library\mail\mail.php on line 77
2017-09-20 1:40:23 - PHP Notice:  Undefined index: sorts in D:\xampp\htdocs\oc-test\storage\vendor\twig\twig\lib\Twig\Environment.php(403) : eval()'d code on line 57
2017-09-20 1:40:23 - PHP Notice:  Undefined index: limits in D:\xampp\htdocs\oc-test\storage\vendor\twig\twig\lib\Twig\Environment.php(403) : eval()'d code on line 124
2017-09-20 2:30:02 - PHP Warning:  include_once(D:/xampp/htdocs/oc-test/system/library/template/Twig/Autoloader.php): failed to open stream: No such file or directory in D:\xampp\htdocs\oc-test\catalog\controller\event\theme.php on line 7
2017-09-20 2:30:02 - PHP Warning:  include_once(): Failed opening 'D:/xampp/htdocs/oc-test/system/library/template/Twig/Autoloader.php' for inclusion (include_path='D:\xampp\php\PEAR') in D:\xampp\htdocs\oc-test\catalog\controller\event\theme.php on line 7
2017-09-20 2:31:05 - PHP Warning:  include_once(D:/xampp/htdocs/oc-test/system/library/template/Twig/Autoloader.php): failed to open stream: No such file or directory in D:\xampp\htdocs\oc-test\catalog\controller\event\theme.php on line 7
2017-09-20 2:31:05 - PHP Warning:  include_once(): Failed opening 'D:/xampp/htdocs/oc-test/system/library/template/Twig/Autoloader.php' for inclusion (include_path='D:\xampp\php\PEAR') in D:\xampp\htdocs\oc-test\catalog\controller\event\theme.php on line 7
2017-09-20 2:31:47 - PHP Warning:  include_once(D:/xampp/htdocs/oc-test/system/library/template/Twig/Autoloader.php): failed to open stream: No such file or directory in D:\xampp\htdocs\oc-test\catalog\controller\event\theme.php on line 7
2017-09-20 2:31:47 - PHP Warning:  include_once(): Failed opening 'D:/xampp/htdocs/oc-test/system/library/template/Twig/Autoloader.php' for inclusion (include_path='D:\xampp\php\PEAR') in D:\xampp\htdocs\oc-test\catalog\controller\event\theme.php on line 7
2017-09-20 2:33:05 - PHP Warning:  include_once(D:/xampp/htdocs/oc-test/system/library/template/Twig/Autoloader.php): failed to open stream: No such file or directory in D:\xampp\htdocs\oc-test\catalog\controller\event\theme.php on line 7
2017-09-20 2:33:05 - PHP Warning:  include_once(): Failed opening 'D:/xampp/htdocs/oc-test/system/library/template/Twig/Autoloader.php' for inclusion (include_path='D:\xampp\php\PEAR') in D:\xampp\htdocs\oc-test\catalog\controller\event\theme.php on line 7
2017-09-20 2:33:12 - PHP Warning:  include_once(D:/xampp/htdocs/oc-test/system/library/template/Twig/Autoloader.php): failed to open stream: No such file or directory in D:\xampp\htdocs\oc-test\catalog\controller\event\theme.php on line 7
2017-09-20 2:33:12 - PHP Warning:  include_once(): Failed opening 'D:/xampp/htdocs/oc-test/system/library/template/Twig/Autoloader.php' for inclusion (include_path='D:\xampp\php\PEAR') in D:\xampp\htdocs\oc-test\catalog\controller\event\theme.php on line 7
2017-09-20 2:34:21 - PHP Warning:  include_once(D:/xampp/htdocs/oc-test/system/library/template/Twig/Autoloader.php): failed to open stream: No such file or directory in D:\xampp\htdocs\oc-test\catalog\controller\event\theme.php on line 7
2017-09-20 2:34:21 - PHP Warning:  include_once(): Failed opening 'D:/xampp/htdocs/oc-test/system/library/template/Twig/Autoloader.php' for inclusion (include_path='D:\xampp\php\PEAR') in D:\xampp\htdocs\oc-test\catalog\controller\event\theme.php on line 7
2017-09-20 2:34:41 - PHP Notice:  Undefined variable: data in D:\xampp\htdocs\oc-test\catalog\controller\common\index.php on line 19
2017-09-20 2:34:41 - PHP Warning:  include_once(D:/xampp/htdocs/oc-test/system/library/template/Twig/Autoloader.php): failed to open stream: No such file or directory in D:\xampp\htdocs\oc-test\catalog\controller\event\theme.php on line 7
2017-09-20 2:34:41 - PHP Warning:  include_once(): Failed opening 'D:/xampp/htdocs/oc-test/system/library/template/Twig/Autoloader.php' for inclusion (include_path='D:\xampp\php\PEAR') in D:\xampp\htdocs\oc-test\catalog\controller\event\theme.php on line 7
2017-09-20 2:35:46 - PHP Warning:  include_once(D:/xampp/htdocs/oc-test/system/library/template/Twig/Autoloader.php): failed to open stream: No such file or directory in D:\xampp\htdocs\oc-test\catalog\controller\event\theme.php on line 7
2017-09-20 2:35:46 - PHP Warning:  include_once(): Failed opening 'D:/xampp/htdocs/oc-test/system/library/template/Twig/Autoloader.php' for inclusion (include_path='D:\xampp\php\PEAR') in D:\xampp\htdocs\oc-test\catalog\controller\event\theme.php on line 7
2017-09-20 3:03:17 - PHP Notice:  Undefined index: telephone in D:\xampp\htdocs\oc-test\catalog\model\account\customer.php on line 10
2017-09-20 3:03:18 - PHP Warning:  mail(): Failed to connect to mailserver at &quot;localhost&quot; port 25, verify your &quot;SMTP&quot; and &quot;smtp_port&quot; setting in php.ini or use ini_set() in D:\xampp\htdocs\oc-test\system\library\mail\mail.php on line 77
2017-09-20 3:28:04 - PHP Notice:  Undefined index: sorts in D:\xampp\htdocs\oc-test\storage\vendor\twig\twig\lib\Twig\Environment.php(403) : eval()'d code on line 57
2017-09-20 3:28:04 - PHP Notice:  Undefined index: limits in D:\xampp\htdocs\oc-test\storage\vendor\twig\twig\lib\Twig\Environment.php(403) : eval()'d code on line 124
2017-09-20 3:37:13 - PHP Notice:  Undefined index: id in D:\xampp\htdocs\oc-test\catalog\model\commonipl\product.php on line 524
2017-09-20 3:37:13 - PHP Notice:  Undefined index: id in D:\xampp\htdocs\oc-test\catalog\controller\commonipl\publishipl.php on line 183
2017-09-20 3:37:39 - PHP Notice:  Undefined index: id in D:\xampp\htdocs\oc-test\catalog\model\commonipl\product.php on line 524
2017-09-20 3:37:39 - PHP Notice:  Undefined index: id in D:\xampp\htdocs\oc-test\catalog\controller\commonipl\publishipl.php on line 183
2017-09-20 3:41:30 - PHP Notice:  Undefined index: image in D:\xampp\htdocs\oc-test\catalog\controller\commonipl\dashboard.php on line 88
2017-09-20 3:41:30 - PHP Notice:  Undefined index: image in D:\xampp\htdocs\oc-test\catalog\controller\commonipl\dashboard.php on line 88
2017-09-20 3:41:30 - PHP Notice:  Undefined index: image in D:\xampp\htdocs\oc-test\catalog\controller\commonipl\dashboard.php on line 88
2017-09-20 3:41:30 - PHP Notice:  Undefined index: id in D:\xampp\htdocs\oc-test\catalog\controller\commonipl\dashboard.php on line 93
2017-09-20 3:41:30 - PHP Notice:  Undefined index: id in D:\xampp\htdocs\oc-test\catalog\controller\commonipl\dashboard.php on line 100
2017-09-20 3:41:30 - PHP Notice:  Undefined index: image in D:\xampp\htdocs\oc-test\catalog\controller\commonipl\dashboard.php on line 88
2017-09-20 3:41:30 - PHP Notice:  Undefined index: id in D:\xampp\htdocs\oc-test\catalog\controller\commonipl\dashboard.php on line 93
2017-09-20 3:41:30 - PHP Notice:  Undefined index: id in D:\xampp\htdocs\oc-test\catalog\controller\commonipl\dashboard.php on line 100
2017-09-20 3:41:56 - PHP Notice:  Undefined index: image in D:\xampp\htdocs\oc-test\catalog\controller\commonipl\dashboard.php on line 88
2017-09-20 3:41:56 - PHP Notice:  Undefined index: image in D:\xampp\htdocs\oc-test\catalog\controller\commonipl\dashboard.php on line 88
2017-09-20 3:41:56 - PHP Notice:  Undefined index: image in D:\xampp\htdocs\oc-test\catalog\controller\commonipl\dashboard.php on line 88
2017-09-20 3:41:56 - PHP Notice:  Undefined index: id in D:\xampp\htdocs\oc-test\catalog\controller\commonipl\dashboard.php on line 93
2017-09-20 3:41:56 - PHP Notice:  Undefined index: id in D:\xampp\htdocs\oc-test\catalog\controller\commonipl\dashboard.php on line 100
2017-09-20 3:41:56 - PHP Notice:  Undefined index: image in D:\xampp\htdocs\oc-test\catalog\controller\commonipl\dashboard.php on line 88
2017-09-20 3:41:56 - PHP Notice:  Undefined index: id in D:\xampp\htdocs\oc-test\catalog\controller\commonipl\dashboard.php on line 93
2017-09-20 3:41:56 - PHP Notice:  Undefined index: id in D:\xampp\htdocs\oc-test\catalog\controller\commonipl\dashboard.php on line 100
2017-09-20 3:43:46 - PHP Notice:  Undefined index: image in D:\xampp\htdocs\oc-test\catalog\controller\commonipl\dashboard.php on line 88
2017-09-20 3:43:46 - PHP Notice:  Undefined index: image in D:\xampp\htdocs\oc-test\catalog\controller\commonipl\dashboard.php on line 88
2017-09-20 3:43:46 - PHP Notice:  Undefined index: image in D:\xampp\htdocs\oc-test\catalog\controller\commonipl\dashboard.php on line 88
2017-09-20 3:43:46 - PHP Notice:  Undefined index: id in D:\xampp\htdocs\oc-test\catalog\controller\commonipl\dashboard.php on line 93
2017-09-20 3:43:46 - PHP Notice:  Undefined index: id in D:\xampp\htdocs\oc-test\catalog\controller\commonipl\dashboard.php on line 100
2017-09-20 3:43:46 - PHP Notice:  Undefined index: image in D:\xampp\htdocs\oc-test\catalog\controller\commonipl\dashboard.php on line 88
2017-09-20 3:43:46 - PHP Notice:  Undefined index: id in D:\xampp\htdocs\oc-test\catalog\controller\commonipl\dashboard.php on line 93
2017-09-20 3:43:46 - PHP Notice:  Undefined index: id in D:\xampp\htdocs\oc-test\catalog\controller\commonipl\dashboard.php on line 100
2017-09-20 3:45:51 - PHP Notice:  Undefined index: image in D:\xampp\htdocs\oc-test\catalog\controller\commonipl\dashboard.php on line 88
2017-09-20 3:45:51 - PHP Notice:  Undefined index: image in D:\xampp\htdocs\oc-test\catalog\controller\commonipl\dashboard.php on line 88
2017-09-20 3:45:51 - PHP Notice:  Undefined index: image in D:\xampp\htdocs\oc-test\catalog\controller\commonipl\dashboard.php on line 88
2017-09-20 3:45:51 - PHP Notice:  Undefined index: id in D:\xampp\htdocs\oc-test\catalog\controller\commonipl\dashboard.php on line 97
2017-09-20 3:45:51 - PHP Notice:  Undefined index: id in D:\xampp\htdocs\oc-test\catalog\controller\commonipl\dashboard.php on line 104
2017-09-20 3:45:51 - PHP Notice:  Undefined index: image in D:\xampp\htdocs\oc-test\catalog\controller\commonipl\dashboard.php on line 88
2017-09-20 3:45:51 - PHP Notice:  Undefined index: id in D:\xampp\htdocs\oc-test\catalog\controller\commonipl\dashboard.php on line 97
2017-09-20 3:45:51 - PHP Notice:  Undefined index: id in D:\xampp\htdocs\oc-test\catalog\controller\commonipl\dashboard.php on line 104
2017-09-20 3:48:55 - PHP Notice:  Undefined index: id in D:\xampp\htdocs\oc-test\catalog\controller\commonipl\dashboard.php on line 95
2017-09-20 3:48:55 - PHP Notice:  Undefined index: id in D:\xampp\htdocs\oc-test\catalog\controller\commonipl\dashboard.php on line 102
2017-09-20 3:48:55 - PHP Notice:  Undefined index: id in D:\xampp\htdocs\oc-test\catalog\controller\commonipl\dashboard.php on line 95
2017-09-20 3:48:55 - PHP Notice:  Undefined index: id in D:\xampp\htdocs\oc-test\catalog\controller\commonipl\dashboard.php on line 102
2017-09-20 3:50:16 - PHP Notice:  Undefined index: id in D:\xampp\htdocs\oc-test\catalog\controller\commonipl\dashboard.php on line 87
2017-09-20 3:50:16 - PHP Notice:  Undefined index: id in D:\xampp\htdocs\oc-test\catalog\controller\commonipl\dashboard.php on line 93
2017-09-20 3:50:16 - PHP Notice:  Undefined index: id in D:\xampp\htdocs\oc-test\catalog\controller\commonipl\dashboard.php on line 100
2017-09-20 3:50:16 - PHP Notice:  Undefined index: id in D:\xampp\htdocs\oc-test\catalog\controller\commonipl\dashboard.php on line 87
2017-09-20 3:50:16 - PHP Notice:  Undefined index: id in D:\xampp\htdocs\oc-test\catalog\controller\commonipl\dashboard.php on line 93
2017-09-20 3:50:16 - PHP Notice:  Undefined index: id in D:\xampp\htdocs\oc-test\catalog\controller\commonipl\dashboard.php on line 100
2017-09-20 3:51:24 - PHP Notice:  Undefined index: id in D:\xampp\htdocs\oc-test\catalog\controller\commonipl\dashboard.php on line 87
2017-09-20 3:51:24 - PHP Notice:  Undefined index: id in D:\xampp\htdocs\oc-test\catalog\controller\commonipl\dashboard.php on line 100
2017-09-20 3:51:24 - PHP Notice:  Undefined index: id in D:\xampp\htdocs\oc-test\catalog\controller\commonipl\dashboard.php on line 87
2017-09-20 3:51:24 - PHP Notice:  Undefined index: id in D:\xampp\htdocs\oc-test\catalog\controller\commonipl\dashboard.php on line 100
2017-09-20 3:51:58 - PHP Notice:  Undefined index: id in D:\xampp\htdocs\oc-test\catalog\controller\commonipl\dashboard.php on line 86
2017-09-20 3:51:58 - PHP Notice:  Undefined index: id in D:\xampp\htdocs\oc-test\catalog\controller\commonipl\dashboard.php on line 87
2017-09-20 3:51:58 - PHP Notice:  Undefined index: id in D:\xampp\htdocs\oc-test\catalog\controller\commonipl\dashboard.php on line 100
2017-09-20 3:51:58 - PHP Notice:  Undefined index: id in D:\xampp\htdocs\oc-test\catalog\controller\commonipl\dashboard.php on line 86
2017-09-20 3:51:58 - PHP Notice:  Undefined index: id in D:\xampp\htdocs\oc-test\catalog\controller\commonipl\dashboard.php on line 87
2017-09-20 3:51:58 - PHP Notice:  Undefined index: id in D:\xampp\htdocs\oc-test\catalog\controller\commonipl\dashboard.php on line 100
2017-09-20 3:52:28 - PHP Notice:  Undefined index: id in D:\xampp\htdocs\oc-test\catalog\controller\commonipl\dashboard.php on line 86
2017-09-20 3:52:28 - PHP Notice:  Undefined index: id in D:\xampp\htdocs\oc-test\catalog\controller\commonipl\dashboard.php on line 100
2017-09-20 3:52:28 - PHP Notice:  Undefined index: id in D:\xampp\htdocs\oc-test\catalog\controller\commonipl\dashboard.php on line 86
2017-09-20 3:52:28 - PHP Notice:  Undefined index: id in D:\xampp\htdocs\oc-test\catalog\controller\commonipl\dashboard.php on line 100
2017-09-20 3:52:46 - PHP Notice:  Undefined index: id in D:\xampp\htdocs\oc-test\catalog\controller\commonipl\dashboard.php on line 100
2017-09-20 3:52:46 - PHP Notice:  Undefined index: id in D:\xampp\htdocs\oc-test\catalog\controller\commonipl\dashboard.php on line 100
2017-09-20 4:00:53 - PHP Notice:  Undefined index: image in D:\xampp\htdocs\oc-test\admin\controller\catalog\customerproduct.php on line 43
2017-09-20 4:00:53 - PHP Notice:  Undefined index: image in D:\xampp\htdocs\oc-test\admin\controller\catalog\customerproduct.php on line 43
2017-09-20 4:00:53 - PHP Notice:  Undefined index: image in D:\xampp\htdocs\oc-test\admin\controller\catalog\customerproduct.php on line 43
2017-09-20 4:00:53 - PHP Notice:  Undefined index: id in D:\xampp\htdocs\oc-test\admin\controller\catalog\customerproduct.php on line 54
2017-09-20 4:00:53 - PHP Notice:  Undefined index: id in D:\xampp\htdocs\oc-test\admin\controller\catalog\customerproduct.php on line 62
2017-09-20 4:00:53 - PHP Notice:  Undefined index: image in D:\xampp\htdocs\oc-test\admin\controller\catalog\customerproduct.php on line 43
2017-09-20 4:00:53 - PHP Notice:  Undefined index: id in D:\xampp\htdocs\oc-test\admin\controller\catalog\customerproduct.php on line 54
2017-09-20 4:00:53 - PHP Notice:  Undefined index: id in D:\xampp\htdocs\oc-test\admin\controller\catalog\customerproduct.php on line 62
2017-09-20 8:02:38 - PHP Notice:  Undefined variable: image in D:\xampp\htdocs\oc-test\catalog\controller\store\product.php on line 31
2017-09-20 8:07:42 - PHP Notice:  Undefined index: sorts in D:\xampp\htdocs\oc-test\storage\vendor\twig\twig\lib\Twig\Environment.php(403) : eval()'d code on line 57
2017-09-20 8:07:42 - PHP Notice:  Undefined index: limits in D:\xampp\htdocs\oc-test\storage\vendor\twig\twig\lib\Twig\Environment.php(403) : eval()'d code on line 124
2017-09-20 8:12:09 - PHP Notice:  Undefined index: sorts in D:\xampp\htdocs\oc-test\storage\vendor\twig\twig\lib\Twig\Environment.php(403) : eval()'d code on line 57
2017-09-20 8:12:09 - PHP Notice:  Undefined index: limits in D:\xampp\htdocs\oc-test\storage\vendor\twig\twig\lib\Twig\Environment.php(403) : eval()'d code on line 124
2017-09-20 8:13:31 - PHP Notice:  Undefined index: sorts in D:\xampp\htdocs\oc-test\storage\vendor\twig\twig\lib\Twig\Environment.php(403) : eval()'d code on line 57
2017-09-20 8:13:31 - PHP Notice:  Undefined index: limits in D:\xampp\htdocs\oc-test\storage\vendor\twig\twig\lib\Twig\Environment.php(403) : eval()'d code on line 124
2017-09-20 8:32:46 - PHP Notice:  Array to string conversion in D:\xampp\htdocs\oc-test\storage\vendor\twig\twig\lib\Twig\Environment.php(403) : eval()'d code on line 88
2017-09-20 8:32:46 - PHP Notice:  Array to string conversion in D:\xampp\htdocs\oc-test\storage\vendor\twig\twig\lib\Twig\Environment.php(403) : eval()'d code on line 88
2017-09-20 8:32:46 - PHP Notice:  Array to string conversion in D:\xampp\htdocs\oc-test\storage\vendor\twig\twig\lib\Twig\Environment.php(403) : eval()'d code on line 88
2017-09-20 8:33:10 - PHP Notice:  Array to string conversion in D:\xampp\htdocs\oc-test\storage\vendor\twig\twig\lib\Twig\Environment.php(403) : eval()'d code on line 88
2017-09-20 8:33:10 - PHP Notice:  Array to string conversion in D:\xampp\htdocs\oc-test\storage\vendor\twig\twig\lib\Twig\Environment.php(403) : eval()'d code on line 88
2017-09-20 8:33:10 - PHP Notice:  Array to string conversion in D:\xampp\htdocs\oc-test\storage\vendor\twig\twig\lib\Twig\Environment.php(403) : eval()'d code on line 88
2017-09-20 8:33:32 - PHP Notice:  Array to string conversion in D:\xampp\htdocs\oc-test\storage\vendor\twig\twig\lib\Twig\Environment.php(403) : eval()'d code on line 88
2017-09-20 8:33:32 - PHP Notice:  Array to string conversion in D:\xampp\htdocs\oc-test\storage\vendor\twig\twig\lib\Twig\Environment.php(403) : eval()'d code on line 88
2017-09-20 8:33:32 - PHP Notice:  Array to string conversion in D:\xampp\htdocs\oc-test\storage\vendor\twig\twig\lib\Twig\Environment.php(403) : eval()'d code on line 88
2017-09-20 9:08:52 - PHP Notice:  Undefined index: option3 in D:\xampp\htdocs\oc-test\catalog\controller\store\product.php on line 49
2017-09-20 9:08:52 - PHP Notice:  Undefined index: option2 in D:\xampp\htdocs\oc-test\catalog\controller\store\product.php on line 49
2017-09-20 9:08:52 - PHP Notice:  Undefined index: option2 in D:\xampp\htdocs\oc-test\catalog\controller\store\product.php on line 49
2017-09-20 9:08:52 - PHP Notice:  Undefined index: option2 in D:\xampp\htdocs\oc-test\catalog\controller\store\product.php on line 49
2017-09-20 9:10:06 - PHP Notice:  Undefined index: option2 in D:\xampp\htdocs\oc-test\catalog\controller\store\product.php on line 49
2017-09-20 9:10:06 - PHP Notice:  Undefined index: option2 in D:\xampp\htdocs\oc-test\catalog\controller\store\product.php on line 49
2017-09-20 9:10:06 - PHP Notice:  Undefined index: option2 in D:\xampp\htdocs\oc-test\catalog\controller\store\product.php on line 49
2017-09-20 9:10:39 - PHP Notice:  Undefined index: option2 in D:\xampp\htdocs\oc-test\catalog\controller\store\product.php on line 50
2017-09-20 9:10:39 - PHP Notice:  Undefined index: option2 in D:\xampp\htdocs\oc-test\catalog\controller\store\product.php on line 50
2017-09-20 9:10:39 - PHP Notice:  Undefined index: option2 in D:\xampp\htdocs\oc-test\catalog\controller\store\product.php on line 50
2017-09-20 9:12:30 - PHP Notice:  Undefined index: 'option1' in D:\xampp\htdocs\oc-test\catalog\controller\store\product.php on line 50
2017-09-20 9:12:30 - PHP Notice:  Undefined index: 'option2' in D:\xampp\htdocs\oc-test\catalog\controller\store\product.php on line 50
2017-09-20 9:12:30 - PHP Notice:  Undefined index: 'option1' in D:\xampp\htdocs\oc-test\catalog\controller\store\product.php on line 50
2017-09-20 9:12:30 - PHP Notice:  Undefined index: 'option2' in D:\xampp\htdocs\oc-test\catalog\controller\store\product.php on line 50
2017-09-20 9:12:30 - PHP Notice:  Undefined index: 'option1' in D:\xampp\htdocs\oc-test\catalog\controller\store\product.php on line 50
2017-09-20 9:12:30 - PHP Notice:  Undefined index: 'option2' in D:\xampp\htdocs\oc-test\catalog\controller\store\product.php on line 50
2017-09-20 9:12:30 - PHP Notice:  Undefined index: 'option1' in D:\xampp\htdocs\oc-test\catalog\controller\store\product.php on line 50
2017-09-20 9:12:30 - PHP Notice:  Undefined index: 'option2' in D:\xampp\htdocs\oc-test\catalog\controller\store\product.php on line 50
2017-09-20 9:13:49 - PHP Notice:  Undefined index: option2 in D:\xampp\htdocs\oc-test\catalog\controller\store\product.php on line 50
2017-09-20 9:13:49 - PHP Notice:  Undefined index: option2 in D:\xampp\htdocs\oc-test\catalog\controller\store\product.php on line 50
2017-09-20 9:13:49 - PHP Notice:  Undefined index: option2 in D:\xampp\htdocs\oc-test\catalog\controller\store\product.php on line 50
2017-09-20 9:14:03 - PHP Notice:  Undefined index: option2 in D:\xampp\htdocs\oc-test\catalog\controller\store\product.php on line 50
2017-09-20 9:14:03 - PHP Notice:  Undefined index: option2 in D:\xampp\htdocs\oc-test\catalog\controller\store\product.php on line 50
2017-09-20 9:14:03 - PHP Notice:  Undefined index: option2 in D:\xampp\htdocs\oc-test\catalog\controller\store\product.php on line 50
2017-09-20 9:14:03 - PHP Notice:  Undefined index: option2 in D:\xampp\htdocs\oc-test\catalog\controller\store\product.php on line 50
2017-09-20 9:14:03 - PHP Notice:  Undefined index: option2 in D:\xampp\htdocs\oc-test\catalog\controller\store\product.php on line 50
2017-09-20 9:14:03 - PHP Notice:  Undefined index: option2 in D:\xampp\htdocs\oc-test\catalog\controller\store\product.php on line 50
2017-09-20 9:15:46 - PHP Notice:  Undefined index: option3 in D:\xampp\htdocs\oc-test\catalog\controller\store\product.php on line 51
2017-09-20 9:15:46 - PHP Notice:  Undefined index: option2 in D:\xampp\htdocs\oc-test\catalog\controller\store\product.php on line 51
2017-09-20 9:15:46 - PHP Notice:  Undefined index: option2 in D:\xampp\htdocs\oc-test\catalog\controller\store\product.php on line 51
2017-09-20 9:15:46 - PHP Notice:  Undefined index: option2 in D:\xampp\htdocs\oc-test\catalog\controller\store\product.php on line 51
2017-09-20 9:30:40 - PHP Notice:  Undefined index: Style in D:\xampp\htdocs\oc-test\catalog\controller\store\product.php on line 62
2017-09-20 9:33:45 - PHP Notice:  Array to string conversion in D:\xampp\htdocs\oc-test\storage\vendor\twig\twig\lib\Twig\Environment.php(403) : eval()'d code on line 140
2017-09-20 9:34:12 - PHP Notice:  Array to string conversion in D:\xampp\htdocs\oc-test\storage\vendor\twig\twig\lib\Twig\Environment.php(403) : eval()'d code on line 128
2017-09-20 9:34:12 - PHP Notice:  Array to string conversion in D:\xampp\htdocs\oc-test\storage\vendor\twig\twig\lib\Twig\Environment.php(403) : eval()'d code on line 141
2017-09-20 9:35:12 - PHP Notice:  Array to string conversion in D:\xampp\htdocs\oc-test\storage\vendor\twig\twig\lib\Twig\Environment.php(403) : eval()'d code on line 128
2017-09-20 9:56:23 - PHP Notice:  Undefined variable: value in D:\xampp\htdocs\oc-test\catalog\controller\store\product.php on line 62
2017-09-20 9:56:23 - PHP Warning:  Invalid argument supplied for foreach() in D:\xampp\htdocs\oc-test\catalog\controller\store\product.php on line 62
2017-09-20 9:57:47 - PHP Notice:  Undefined variable: value in D:\xampp\htdocs\oc-test\catalog\controller\store\product.php on line 62
2017-09-20 9:57:47 - PHP Warning:  Invalid argument supplied for foreach() in D:\xampp\htdocs\oc-test\catalog\controller\store\product.php on line 62
2017-09-20 9:58:20 - PHP Notice:  Undefined variable: value in D:\xampp\htdocs\oc-test\catalog\controller\store\product.php on line 62
2017-09-20 9:58:20 - PHP Warning:  Invalid argument supplied for foreach() in D:\xampp\htdocs\oc-test\catalog\controller\store\product.php on line 62
2017-09-20 10:05:27 - PHP Notice:  Array to string conversion in D:\xampp\htdocs\oc-test\storage\vendor\twig\twig\lib\Twig\Environment.php(403) : eval()'d code on line 234
2017-09-20 10:08:25 - PHP Notice:  Array to string conversion in D:\xampp\htdocs\oc-test\storage\vendor\twig\twig\lib\Twig\Environment.php(403) : eval()'d code on line 234
2017-09-20 11:20:18 - PHP Notice:  Array to string conversion in D:\xampp\htdocs\oc-test\storage\vendor\twig\twig\lib\Twig\Environment.php(403) : eval()'d code on line 164
2017-09-20 11:20:41 - PHP Notice:  Array to string conversion in D:\xampp\htdocs\oc-test\storage\vendor\twig\twig\lib\Twig\Environment.php(403) : eval()'d code on line 164
2017-09-20 12:01:23 - PHP Notice:  Array to string conversion in D:\xampp\htdocs\oc-test\storage\vendor\twig\twig\lib\Twig\Environment.php(403) : eval()'d code on line 270
2017-09-20 12:01:23 - PHP Notice:  Array to string conversion in D:\xampp\htdocs\oc-test\storage\vendor\twig\twig\lib\Twig\Environment.php(403) : eval()'d code on line 270
2017-09-20 12:01:23 - PHP Notice:  Array to string conversion in D:\xampp\htdocs\oc-test\storage\vendor\twig\twig\lib\Twig\Environment.php(403) : eval()'d code on line 270
2017-09-20 12:01:23 - PHP Notice:  Array to string conversion in D:\xampp\htdocs\oc-test\storage\vendor\twig\twig\lib\Twig\Environment.php(403) : eval()'d code on line 270
2017-09-20 12:01:41 - PHP Notice:  Array to string conversion in D:\xampp\htdocs\oc-test\storage\vendor\twig\twig\lib\Twig\Environment.php(403) : eval()'d code on line 270
2017-09-20 12:01:41 - PHP Notice:  Array to string conversion in D:\xampp\htdocs\oc-test\storage\vendor\twig\twig\lib\Twig\Environment.php(403) : eval()'d code on line 270
2017-09-20 12:01:41 - PHP Notice:  Array to string conversion in D:\xampp\htdocs\oc-test\storage\vendor\twig\twig\lib\Twig\Environment.php(403) : eval()'d code on line 270
2017-09-20 12:01:41 - PHP Notice:  Array to string conversion in D:\xampp\htdocs\oc-test\storage\vendor\twig\twig\lib\Twig\Environment.php(403) : eval()'d code on line 270
